# JRE version: OpenJDK Runtime Environment (17.0.7) (build 17.0.7+0-b2043.56-10550314)
# Java VM: OpenJDK 64-Bit Server VM (17.0.7+0-b2043.56-10550314, mixed mode, tiered, compressed oops, compressed class ptrs, g1 gc, windows-amd64)
GC Precious Log:
 CPUs: 4 total, 4 available
 Memory: 4012M
 Large Page Support: Disabled
 NUMA Support: Disabled
 Compressed Oops: Enabled (32-bit)
 Heap Region Size: 1M
 Heap Min Capacity: 8M
 Heap Initial Capacity: 64M
 Heap Max Capacity: 1004M
 Pre-touch: Disabled
 Parallel Workers: 4
 Concurrent Workers: 1
 Concurrent Refinement Workers: 4
 Periodic GC: Disabled
Heap:
 garbage-first heap   total 79872K, used 49593K [0x00000000c1400000, 0x0000000100000000)
  region size 1024K, 3 young (3072K), 3 survivors (3072K)
 Metaspace       used 59507K, committed 59776K, reserved 1114112K
  class space    used 7066K, committed 7168K, reserved 1048576K
GC Heap History (20 events):
Event: 14.017 GC heap after
{Heap after GC invocations=15 (full 0):
 garbage-first heap   total 66560K, used 22810K [0x00000000c1400000, 0x0000000100000000)
  region size 1024K, 2 young (2048K), 2 survivors (2048K)
 Metaspace       used 46307K, committed 46528K, reserved 1114112K
  class space    used 5650K, committed 5760K, reserved 1048576K
}
Event: 14.581 GC heap before
{Heap before GC invocations=15 (full 0):
 garbage-first heap   total 66560K, used 52506K [0x00000000c1400000, 0x0000000100000000)
  region size 1024K, 28 young (28672K), 2 survivors (2048K)
 Metaspace       used 47380K, committed 47616K, reserved 1114112K
  class space    used 5750K, committed 5824K, reserved 1048576K
}
Event: 14.595 GC heap after
{Heap after GC invocations=16 (full 0):
 garbage-first heap   total 66560K, used 27589K [0x00000000c1400000, 0x0000000100000000)
  region size 1024K, 4 young (4096K), 4 survivors (4096K)
 Metaspace       used 47380K, committed 47616K, reserved 1114112K
  class space    used 5750K, committed 5824K, reserved 1048576K
}
Event: 15.635 GC heap before
{Heap before GC invocations=16 (full 0):
 garbage-first heap   total 66560K, used 50117K [0x00000000c1400000, 0x0000000100000000)
  region size 1024K, 27 young (27648K), 4 survivors (4096K)
 Metaspace       used 51227K, committed 51456K, reserved 1114112K
  class space    used 6193K, committed 6272K, reserved 1048576K
}
Event: 15.653 GC heap after
{Heap after GC invocations=17 (full 0):
 garbage-first heap   total 66560K, used 30260K [0x00000000c1400000, 0x0000000100000000)
  region size 1024K, 3 young (3072K), 3 survivors (3072K)
 Metaspace       used 51227K, committed 51456K, reserved 1114112K
  class space    used 6193K, committed 6272K, reserved 1048576K
}
Event: 17.008 GC heap before
{Heap before GC invocations=17 (full 0):
 garbage-first heap   total 66560K, used 50740K [0x00000000c1400000, 0x0000000100000000)
  region size 1024K, 23 young (23552K), 3 survivors (3072K)
 Metaspace       used 52932K, committed 53184K, reserved 1114112K
  class space    used 6287K, committed 6400K, reserved 1048576K
}
Event: 17.027 GC heap after
{Heap after GC invocations=18 (full 0):
 garbage-first heap   total 66560K, used 34292K [0x00000000c1400000, 0x0000000100000000)
  region size 1024K, 3 young (3072K), 3 survivors (3072K)
 Metaspace       used 52932K, committed 53184K, reserved 1114112K
  class space    used 6287K, committed 6400K, reserved 1048576K
}
Event: 18.427 GC heap before
{Heap before GC invocations=18 (full 0):
 garbage-first heap   total 66560K, used 51700K [0x00000000c1400000, 0x0000000100000000)
  region size 1024K, 20 young (20480K), 3 survivors (3072K)
 Metaspace       used 53268K, committed 53504K, reserved 1114112K
  class space    used 6297K, committed 6400K, reserved 1048576K
}
Event: 18.460 GC heap after
{Heap after GC invocations=19 (full 0):
 garbage-first heap   total 79872K, used 37769K [0x00000000c1400000, 0x0000000100000000)
  region size 1024K, 3 young (3072K), 3 survivors (3072K)
 Metaspace       used 53268K, committed 53504K, reserved 1114112K
  class space    used 6297K, committed 6400K, reserved 1048576K
}
Event: 19.476 GC heap before
{Heap before GC invocations=20 (full 0):
 garbage-first heap   total 79872K, used 61321K [0x00000000c1400000, 0x0000000100000000)
  region size 1024K, 26 young (26624K), 3 survivors (3072K)
 Metaspace       used 54220K, committed 54400K, reserved 1114112K
  class space    used 6431K, committed 6528K, reserved 1048576K
}
Event: 19.508 GC heap after
{Heap after GC invocations=21 (full 0):
 garbage-first heap   total 79872K, used 41814K [0x00000000c1400000, 0x0000000100000000)
  region size 1024K, 4 young (4096K), 4 survivors (4096K)
 Metaspace       used 54220K, committed 54400K, reserved 1114112K
  class space    used 6431K, committed 6528K, reserved 1048576K
}
Event: 19.516 GC heap before
{Heap before GC invocations=21 (full 0):
 garbage-first heap   total 79872K, used 42838K [0x00000000c1400000, 0x0000000100000000)
  region size 1024K, 5 young (5120K), 4 survivors (4096K)
 Metaspace       used 54223K, committed 54464K, reserved 1114112K
  class space    used 6431K, committed 6528K, reserved 1048576K
}
Event: 19.531 GC heap after
{Heap after GC invocations=22 (full 0):
 garbage-first heap   total 79872K, used 41837K [0x00000000c1400000, 0x0000000100000000)
  region size 1024K, 1 young (1024K), 1 survivors (1024K)
 Metaspace       used 54223K, committed 54464K, reserved 1114112K
  class space    used 6431K, committed 6528K, reserved 1048576K
}
Event: 20.473 GC heap before
{Heap before GC invocations=22 (full 0):
 garbage-first heap   total 79872K, used 61293K [0x00000000c1400000, 0x0000000100000000)
  region size 1024K, 20 young (20480K), 1 survivors (1024K)
 Metaspace       used 57586K, committed 57792K, reserved 1114112K
  class space    used 6876K, committed 6976K, reserved 1048576K
}
Event: 20.488 GC heap after
{Heap after GC invocations=23 (full 0):
 garbage-first heap   total 79872K, used 43417K [0x00000000c1400000, 0x0000000100000000)
  region size 1024K, 3 young (3072K), 3 survivors (3072K)
 Metaspace       used 57586K, committed 57792K, reserved 1114112K
  class space    used 6876K, committed 6976K, reserved 1048576K
}
Event: 21.497 GC heap before
{Heap before GC invocations=24 (full 0):
 garbage-first heap   total 79872K, used 61849K [0x00000000c1400000, 0x0000000100000000)
  region size 1024K, 21 young (21504K), 3 survivors (3072K)
 Metaspace       used 58776K, committed 59008K, reserved 1114112K
  class space    used 7008K, committed 7104K, reserved 1048576K
}
Event: 21.513 GC heap after
{Heap after GC invocations=25 (full 0):
 garbage-first heap   total 79872K, used 45960K [0x00000000c1400000, 0x0000000100000000)
  region size 1024K, 3 young (3072K), 3 survivors (3072K)
 Metaspace       used 58776K, committed 59008K, reserved 1114112K
  class space    used 7008K, committed 7104K, reserved 1048576K
}
Event: 21.519 GC heap before
{Heap before GC invocations=25 (full 0):
 garbage-first heap   total 79872K, used 46984K [0x00000000c1400000, 0x0000000100000000)
  region size 1024K, 4 young (4096K), 3 survivors (3072K)
 Metaspace       used 58776K, committed 59008K, reserved 1114112K
  class space    used 7008K, committed 7104K, reserved 1048576K
}
Event: 21.534 GC heap after
{Heap after GC invocations=26 (full 0):
 garbage-first heap   total 79872K, used 46113K [0x00000000c1400000, 0x0000000100000000)
  region size 1024K, 1 young (1024K), 1 survivors (1024K)
 Metaspace       used 58776K, committed 59008K, reserved 1114112K
  class space    used 7008K, committed 7104K, reserved 1048576K
}
Event: 22.102 GC heap before
{Heap before GC invocations=26 (full 0):
 garbage-first heap   total 79872K, used 63521K [0x00000000c1400000, 0x0000000100000000)
  region size 1024K, 18 young (18432K), 1 survivors (1024K)
 Metaspace       used 59507K, committed 59776K, reserved 1114112K
  class space    used 7066K, committed 7168K, reserved 1048576K
}

