# JRE version: OpenJDK Runtime Environment (17.0.7) (build 17.0.7+0-b2043.56-10550314)
# Java VM: OpenJDK 64-Bit Server VM (17.0.7+0-b2043.56-10550314, mixed mode, tiered, compressed oops, compressed class ptrs, g1 gc, windows-amd64)
GC Precious Log:
 CPUs: 4 total, 4 available
 Memory: 4012M
 Large Page Support: Disabled
 NUMA Support: Disabled
 Compressed Oops: Enabled (32-bit)
 Heap Region Size: 1M
 Heap Min Capacity: 8M
 Heap Initial Capacity: 64M
 Heap Max Capacity: 1004M
 Pre-touch: Disabled
 Parallel Workers: 4
 Concurrent Workers: 1
 Concurrent Refinement Workers: 4
 Periodic GC: Disabled
Heap:
 garbage-first heap   total 73728K, used 40562K [0x00000000c1400000, 0x0000000100000000)
  region size 1024K, 3 young (3072K), 3 survivors (3072K)
 Metaspace       used 53712K, committed 53952K, reserved 1114112K
  class space    used 6372K, committed 6464K, reserved 1048576K
GC Heap History (20 events):
Event: 7.002 GC heap after
{Heap after GC invocations=10 (full 0):
 garbage-first heap   total 46080K, used 19770K [0x00000000c1400000, 0x0000000100000000)
  region size 1024K, 2 young (2048K), 2 survivors (2048K)
 Metaspace       used 35871K, committed 36096K, reserved 1114112K
  class space    used 4570K, committed 4672K, reserved 1048576K
}
Event: 7.032 GC heap before
{Heap before GC invocations=10 (full 0):
 garbage-first heap   total 46080K, used 19770K [0x00000000c1400000, 0x0000000100000000)
  region size 1024K, 3 young (3072K), 2 survivors (2048K)
 Metaspace       used 36058K, committed 36352K, reserved 1114112K
  class space    used 4595K, committed 4736K, reserved 1048576K
}
Event: 7.037 GC heap after
{Heap after GC invocations=11 (full 0):
 garbage-first heap   total 46080K, used 19553K [0x00000000c1400000, 0x0000000100000000)
  region size 1024K, 1 young (1024K), 1 survivors (1024K)
 Metaspace       used 36058K, committed 36352K, reserved 1114112K
  class space    used 4595K, committed 4736K, reserved 1048576K
}
Event: 7.733 GC heap before
{Heap before GC invocations=11 (full 0):
 garbage-first heap   total 46080K, used 32865K [0x00000000c1400000, 0x0000000100000000)
  region size 1024K, 15 young (15360K), 1 survivors (1024K)
 Metaspace       used 39010K, committed 39232K, reserved 1114112K
  class space    used 4841K, committed 4928K, reserved 1048576K
}
Event: 7.738 GC heap after
{Heap after GC invocations=12 (full 0):
 garbage-first heap   total 46080K, used 20685K [0x00000000c1400000, 0x0000000100000000)
  region size 1024K, 2 young (2048K), 2 survivors (2048K)
 Metaspace       used 39010K, committed 39232K, reserved 1114112K
  class space    used 4841K, committed 4928K, reserved 1048576K
}
Event: 8.478 GC heap before
{Heap before GC invocations=12 (full 0):
 garbage-first heap   total 46080K, used 33997K [0x00000000c1400000, 0x0000000100000000)
  region size 1024K, 15 young (15360K), 2 survivors (2048K)
 Metaspace       used 41772K, committed 41984K, reserved 1114112K
  class space    used 5128K, committed 5248K, reserved 1048576K
}
Event: 8.487 GC heap after
{Heap after GC invocations=13 (full 0):
 garbage-first heap   total 46080K, used 21861K [0x00000000c1400000, 0x0000000100000000)
  region size 1024K, 2 young (2048K), 2 survivors (2048K)
 Metaspace       used 41772K, committed 41984K, reserved 1114112K
  class space    used 5128K, committed 5248K, reserved 1048576K
}
Event: 9.551 GC heap before
{Heap before GC invocations=13 (full 0):
 garbage-first heap   total 46080K, used 34149K [0x00000000c1400000, 0x0000000100000000)
  region size 1024K, 14 young (14336K), 2 survivors (2048K)
 Metaspace       used 45497K, committed 45760K, reserved 1114112K
  class space    used 5571K, committed 5696K, reserved 1048576K
}
Event: 9.562 GC heap after
{Heap after GC invocations=14 (full 0):
 garbage-first heap   total 46080K, used 22652K [0x00000000c1400000, 0x0000000100000000)
  region size 1024K, 2 young (2048K), 2 survivors (2048K)
 Metaspace       used 45497K, committed 45760K, reserved 1114112K
  class space    used 5571K, committed 5696K, reserved 1048576K
}
Event: 10.094 GC heap before
{Heap before GC invocations=15 (full 0):
 garbage-first heap   total 46080K, used 36988K [0x00000000c1400000, 0x0000000100000000)
  region size 1024K, 14 young (14336K), 2 survivors (2048K)
 Metaspace       used 46971K, committed 47168K, reserved 1114112K
  class space    used 5746K, committed 5824K, reserved 1048576K
}
Event: 10.105 GC heap after
{Heap after GC invocations=16 (full 0):
 garbage-first heap   total 46080K, used 27056K [0x00000000c1400000, 0x0000000100000000)
  region size 1024K, 2 young (2048K), 2 survivors (2048K)
 Metaspace       used 46971K, committed 47168K, reserved 1114112K
  class space    used 5746K, committed 5824K, reserved 1048576K
}
Event: 10.125 GC heap before
{Heap before GC invocations=16 (full 0):
 garbage-first heap   total 46080K, used 29104K [0x00000000c1400000, 0x0000000100000000)
  region size 1024K, 3 young (3072K), 2 survivors (2048K)
 Metaspace       used 46974K, committed 47168K, reserved 1114112K
  class space    used 5746K, committed 5824K, reserved 1048576K
}
Event: 10.137 GC heap after
{Heap after GC invocations=17 (full 0):
 garbage-first heap   total 73728K, used 26956K [0x00000000c1400000, 0x0000000100000000)
  region size 1024K, 1 young (1024K), 1 survivors (1024K)
 Metaspace       used 46974K, committed 47168K, reserved 1114112K
  class space    used 5746K, committed 5824K, reserved 1048576K
}
Event: 10.693 GC heap before
{Heap before GC invocations=17 (full 0):
 garbage-first heap   total 73728K, used 54604K [0x00000000c1400000, 0x0000000100000000)
  region size 1024K, 28 young (28672K), 1 survivors (1024K)
 Metaspace       used 48550K, committed 48704K, reserved 1114112K
  class space    used 5928K, committed 6016K, reserved 1048576K
}
Event: 10.701 GC heap after
{Heap after GC invocations=18 (full 0):
 garbage-first heap   total 73728K, used 27933K [0x00000000c1400000, 0x0000000100000000)
  region size 1024K, 2 young (2048K), 2 survivors (2048K)
 Metaspace       used 48550K, committed 48704K, reserved 1114112K
  class space    used 5928K, committed 6016K, reserved 1048576K
}
Event: 12.313 GC heap before
{Heap before GC invocations=18 (full 0):
 garbage-first heap   total 73728K, used 55581K [0x00000000c1400000, 0x0000000100000000)
  region size 1024K, 29 young (29696K), 2 survivors (2048K)
 Metaspace       used 52469K, committed 52736K, reserved 1114112K
  class space    used 6284K, committed 6400K, reserved 1048576K
}
Event: 12.336 GC heap after
{Heap after GC invocations=19 (full 0):
 garbage-first heap   total 73728K, used 32982K [0x00000000c1400000, 0x0000000100000000)
  region size 1024K, 4 young (4096K), 4 survivors (4096K)
 Metaspace       used 52469K, committed 52736K, reserved 1114112K
  class space    used 6284K, committed 6400K, reserved 1048576K
}
Event: 13.414 GC heap before
{Heap before GC invocations=19 (full 0):
 garbage-first heap   total 73728K, used 55510K [0x00000000c1400000, 0x0000000100000000)
  region size 1024K, 26 young (26624K), 4 survivors (4096K)
 Metaspace       used 52999K, committed 53248K, reserved 1114112K
  class space    used 6293K, committed 6400K, reserved 1048576K
}
Event: 13.436 GC heap after
{Heap after GC invocations=20 (full 0):
 garbage-first heap   total 73728K, used 37305K [0x00000000c1400000, 0x0000000100000000)
  region size 1024K, 4 young (4096K), 4 survivors (4096K)
 Metaspace       used 52999K, committed 53248K, reserved 1114112K
  class space    used 6293K, committed 6400K, reserved 1048576K
}
Event: 13.987 GC heap before
{Heap before GC invocations=20 (full 0):
 garbage-first heap   total 73728K, used 55737K [0x00000000c1400000, 0x0000000100000000)
  region size 1024K, 22 young (22528K), 4 survivors (4096K)
 Metaspace       used 53712K, committed 53952K, reserved 1114112K
  class space    used 6372K, committed 6464K, reserved 1048576K
}

